<?xml version="1.0" encoding="UTF-8"?>
<!-- Generated by org.testng.reporters.JUnitReportReporter -->
<testsuite hostname="Tahmina" failures="0" tests="3" name="com.testng.practice.TestNGPractice" time="0.008" errors="0" timestamp="2023-12-27T18:57:36 EST" skipped="0">
  <testcase classname="com.testng.practice.TestNGPractice" name="getProduct" time="0.003"/>
  <system-out/>
  <testcase classname="com.testng.practice.TestNGPractice" name="getPayment" time="0.004"/>
  <system-out/>
  <testcase classname="com.testng.practice.TestNGPractice" name="getlogin" time="0.001"/>
  <system-out/>
</testsuite> <!-- com.testng.practice.TestNGPractice -->
