<?xml version="1.0" encoding="UTF-8"?>
<!-- Generated by org.testng.reporters.JUnitReportReporter -->
<testsuite hostname="Tahmina" failures="0" tests="1" name="com.regression.TestRunWithTestNGPayment" time="0.008" errors="0" timestamp="2023-12-27T12:54:22 EST" skipped="0">
  <testcase classname="com.regression.TestRunWithTestNGPayment" name="getPayment" time="0.008"/>
  <system-out/>
</testsuite> <!-- com.regression.TestRunWithTestNGPayment -->
